2025-02-09 19:25:48 - Test.
2025-02-09 19:25:48 - Webhook Create Update
2025-02-09 19:25:48 - Test 2
2025-02-09 19:25:48 - {"admin_graphql_api_id":"gid:\/\/shopify\/ProductVariant\/50327238508863","barcode":"","compare_at_price":null,"created_at":"2025-02-09T09:37:28-08:00","id":50327238508863,"inventory_policy":"deny","position":1,"price":"300.00","product_id":9879393567039,"sku":"123Saad","taxable":true,"title":"Default Title","updated_at":"2025-02-09T11:25:46-08:00","option1":"Default Title","option2":null,"option3":null,"image_id":null,"inventory_item_id":52387081126207,"inventory_quantity":1300,"old_inventory_quantity":1300}
2025-02-09 19:25:48 - 123Saad
2025-02-09 19:25:49 - Test 2-----
2025-02-09 19:25:49 - Test 3
2025-02-09 19:25:49 - Test 4
2025-02-09 19:25:49 - Test 5
2025-02-09 19:25:49 - Test 6
2025-02-09 19:25:49 - Test 7
2025-02-09 19:25:49 - Test 8
2025-02-09 19:25:54 - Test 9
2025-02-09 19:25:54 - Item updated successfully.
2025-02-09 19:25:54 - Webhook verified: products/update--{"admin_graphql_api_id":"gid:\/\/shopify\/Product\/9879393567039","body_html":"\u003cp\u003eTest ssad s s sd sd ss sadsasd asd asdasd asd asd asda asd  asdasdasd asd asdasd asd\u003c\/p\u003e\n\u003cp\u003easd sadasds asd asdasd asdasd asd asd  asda asd sd asd asd as as  asdd asdas as as asd asdd asdasd asd asd as asd\u003c\/p\u003e","created_at":"2025-02-09T09:37:27-08:00","handle":"test-saad","id":9879393567039,"product_type":"Filter Kit 362","published_at":"2025-02-09T09:37:27-08:00","template_suffix":"","title":"Test saad asda saad","updated_at":"2025-02-09T11:25:46-08:00","vendor":"iqpowertools","status":"active","published_scope":"global","tags":"equipment","variants":[{"admin_graphql_api_id":"gid:\/\/shopify\/ProductVariant\/50327238508863","barcode":"","compare_at_price":null,"created_at":"2025-02-09T09:37:28-08:00","id":50327238508863,"inventory_policy":"deny","position":1,"price":"300.00","product_id":9879393567039,"sku":"123Saad","taxable":true,"title":"Default Title","updated_at":"2025-02-09T11:25:46-08:00","option1":"Default Title","option2":null,"option3":null,"image_id":null,"inventory_item_id":52387081126207,"inventory_quantity":1300,"old_inventory_quantity":1300}],"options":[{"name":"Title","id":12401978310975,"product_id":9879393567039,"position":1,"values":["Default Title"]}],"images":[],"image":null,"media":[],"variant_gids":[{"admin_graphql_api_id":"gid:\/\/shopify\/ProductVariant\/50327238508863","updated_at":"2025-02-09T19:25:46.000Z"}],"has_variants_that_requires_components":false,"category":{"admin_graphql_api_id":"gid:\/\/shopify\/TaxonomyCategory\/el-4-8-5","name":"Mobile \u0026 Smart Phones","full_name":"Electronics \u003e Communications \u003e Telephony \u003e Mobile \u0026 Smart Phones"}}
2025-02-09 19:25:55 - Test.
2025-02-09 19:25:55 - Webhook Create Update
2025-02-09 19:25:55 - Test 2
2025-02-09 19:25:55 - {"admin_graphql_api_id":"gid:\/\/shopify\/ProductVariant\/50327238508863","barcode":"","compare_at_price":null,"created_at":"2025-02-09T09:37:28-08:00","id":50327238508863,"inventory_policy":"deny","position":1,"price":"300.00","product_id":9879393567039,"sku":"123Saad","taxable":true,"title":"Default Title","updated_at":"2025-02-09T11:25:46-08:00","option1":"Default Title","option2":null,"option3":null,"image_id":null,"inventory_item_id":52387081126207,"inventory_quantity":1300,"old_inventory_quantity":1300}
2025-02-09 19:25:55 - 123Saad
2025-02-09 19:25:56 - Test 2-----
2025-02-09 19:25:56 - Test 3
2025-02-09 19:25:56 - Test 4
2025-02-09 19:25:56 - Test 5
2025-02-09 19:25:56 - Test 6
2025-02-09 19:25:56 - Test 7
2025-02-09 19:25:56 - Test 8
2025-02-09 19:25:58 - Test 9
2025-02-09 19:25:58 - Item updated successfully.
2025-02-09 19:25:58 - Webhook verified: products/update--{"admin_graphql_api_id":"gid:\/\/shopify\/Product\/9879393567039","body_html":"\u003cp\u003eTest ssad s s sd sd ss sadsasd asd asdasd asd asd asda asd  asdasdasd asd asdasd asd\u003c\/p\u003e\n\u003cp\u003easd sadasds asd asdasd asdasd asd asd  asda asd sd asd asd as as  asdd asdas as as asd asdd asdasd asd asd as asd\u003c\/p\u003e","created_at":"2025-02-09T09:37:27-08:00","handle":"test-saad","id":9879393567039,"product_type":"Filter Kit 362","published_at":"2025-02-09T09:37:27-08:00","template_suffix":"","title":"Test saad asda saad","updated_at":"2025-02-09T11:25:46-08:00","vendor":"iqpowertools","status":"active","published_scope":"global","tags":"equipment","variants":[{"admin_graphql_api_id":"gid:\/\/shopify\/ProductVariant\/50327238508863","barcode":"","compare_at_price":null,"created_at":"2025-02-09T09:37:28-08:00","id":50327238508863,"inventory_policy":"deny","position":1,"price":"300.00","product_id":9879393567039,"sku":"123Saad","taxable":true,"title":"Default Title","updated_at":"2025-02-09T11:25:46-08:00","option1":"Default Title","option2":null,"option3":null,"image_id":null,"inventory_item_id":52387081126207,"inventory_quantity":1300,"old_inventory_quantity":1300}],"options":[{"name":"Title","id":12401978310975,"product_id":9879393567039,"position":1,"values":["Default Title"]}],"images":[],"image":null,"media":[],"variant_gids":[{"admin_graphql_api_id":"gid:\/\/shopify\/ProductVariant\/50327238508863","updated_at":"2025-02-09T19:25:46.000Z"}],"has_variants_that_requires_components":false,"category":{"admin_graphql_api_id":"gid:\/\/shopify\/TaxonomyCategory\/el-4-8-5","name":"Mobile \u0026 Smart Phones","full_name":"Electronics \u003e Communications \u003e Telephony \u003e Mobile \u0026 Smart Phones"}}
